2018-12-15 23:26:43 INFO  [main] com.jay.kerrigan.Kerrigan.logStarting(): 50 - Starting Kerrigan on Jay-yang with PID 14072 (C:\Users\Administrator\git\Kerrigan\target\classes started by Administrator in C:\Users\Administrator\git\Kerrigan)
2018-12-15 23:26:43 DEBUG [main] com.jay.kerrigan.Kerrigan.logStarting(): 53 - Running with Spring Boot v2.1.1.RELEASE, Spring v5.1.3.RELEASE
2018-12-15 23:26:43 INFO  [main] com.jay.kerrigan.Kerrigan.logStartupProfileInfo(): 675 - No active profile set, falling back to default profiles: default
2018-12-15 23:26:45 INFO  [main] org.apache.coyote.http11.Http11NioProtocol.log(): 173 - Initializing ProtocolHandler ["http-nio-7000"]
2018-12-15 23:26:45 INFO  [main] org.apache.catalina.core.StandardService.log(): 173 - Starting service [Tomcat]
2018-12-15 23:26:45 INFO  [main] org.apache.catalina.core.StandardEngine.log(): 173 - Starting Servlet Engine: Apache Tomcat/9.0.13
2018-12-15 23:26:45 INFO  [main] org.apache.catalina.core.AprLifecycleListener.log(): 173 - The APR based Apache Tomcat Native library which allows optimal performance in production environments was not found on the java.library.path: [G:\DevelopSoft\jdk\jdk1.8.0_121\bin;C:\windows\Sun\Java\bin;C:\windows\system32;C:\windows;G:/DevelopSoft/jdk/jre1.8.0_121/bin/server;G:/DevelopSoft/jdk/jre1.8.0_121/bin;G:/DevelopSoft/jdk/jre1.8.0_121/lib/amd64;G:\DevelopSoft\Python\Scripts\;G:\DevelopSoft\Python\;C:\ProgramData\Oracle\Java\javapath;C:\windows\system32;C:\windows;C:\windows\System32\Wbem;C:\windows\System32\WindowsPowerShell\v1.0\;C:\Program Files (x86)\NVIDIA Corporation\PhysX\Common;G:\DevelopSoft\jdk\jdk1.8.0_121\bin;G:\DevelopSoft\Maven\apache-maven-3.3.9\bin;C:\Program Files (x86)\MySQL\MySQL Fabric 1.5.3 & MySQL Utilities 1.5.3 1.5\;C:\Program Files (x86)\MySQL\MySQL Fabric 1.5.3 & MySQL Utilities 1.5.3 1.5\Doctrine extensions for PHP\;G:\DevelopSoft\Python;G:\DevelopSoft\Scala\bin;G:\DevelopSoft\Sbt\bin;G:\DevelopSoft\hadoop-common-2.6.0\bin;C:\Users\Administrator\AppData\Local\Microsoft\WindowsApps;;G:\DevelopSoft\Eclipse;;.]
2018-12-15 23:26:45 INFO  [main] o.a.c.core.ContainerBase.[Tomcat].[localhost].[/].log(): 173 - Initializing Spring embedded WebApplicationContext
2018-12-15 23:26:45 DEBUG [main] org.apache.ibatis.logging.LogFactory.setImplementation(): 135 - Logging initialized using 'class org.apache.ibatis.logging.slf4j.Slf4jImpl' adapter.
2018-12-15 23:26:45 DEBUG [main] org.apache.ibatis.io.VFS.createVFS(): 77 - Using VFS adapter org.mybatis.spring.boot.autoconfigure.SpringBootVFS
2018-12-15 23:26:45 DEBUG [main] org.apache.ibatis.io.ResolverUtil.addIfMatching(): 256 - Checking to see if class com.jay.kerrigan.common.entity.mapper.Flow matches criteria [is assignable to Object]
2018-12-15 23:26:45 DEBUG [main] org.apache.ibatis.io.ResolverUtil.addIfMatching(): 256 - Checking to see if class com.jay.kerrigan.common.entity.mapper.Project matches criteria [is assignable to Object]
2018-12-15 23:26:46 INFO  [main] org.apache.coyote.http11.Http11NioProtocol.log(): 173 - Starting ProtocolHandler ["http-nio-7000"]
2018-12-15 23:26:46 INFO  [main] org.apache.tomcat.util.net.NioSelectorPool.log(): 173 - Using a shared selector for servlet write/read
2018-12-15 23:26:46 INFO  [main] com.jay.kerrigan.Kerrigan.logStarted(): 59 - Started Kerrigan in 3.601 seconds (JVM running for 5.003)
2018-12-15 23:30:03 INFO  [main] com.jay.kerrigan.Kerrigan.logStarting(): 50 - Starting Kerrigan on Jay-yang with PID 6500 (C:\Users\Administrator\git\Kerrigan\target\classes started by Administrator in C:\Users\Administrator\git\Kerrigan)
2018-12-15 23:30:03 DEBUG [main] com.jay.kerrigan.Kerrigan.logStarting(): 53 - Running with Spring Boot v2.1.1.RELEASE, Spring v5.1.3.RELEASE
2018-12-15 23:30:03 INFO  [main] com.jay.kerrigan.Kerrigan.logStartupProfileInfo(): 675 - No active profile set, falling back to default profiles: default
2018-12-15 23:30:05 INFO  [main] org.apache.coyote.http11.Http11NioProtocol.log(): 173 - Initializing ProtocolHandler ["http-nio-7000"]
2018-12-15 23:30:05 INFO  [main] org.apache.catalina.core.StandardService.log(): 173 - Starting service [Tomcat]
2018-12-15 23:30:05 INFO  [main] org.apache.catalina.core.StandardEngine.log(): 173 - Starting Servlet Engine: Apache Tomcat/9.0.13
2018-12-15 23:30:05 INFO  [main] org.apache.catalina.core.AprLifecycleListener.log(): 173 - The APR based Apache Tomcat Native library which allows optimal performance in production environments was not found on the java.library.path: [G:\DevelopSoft\jdk\jdk1.8.0_121\bin;C:\windows\Sun\Java\bin;C:\windows\system32;C:\windows;G:/DevelopSoft/jdk/jre1.8.0_121/bin/server;G:/DevelopSoft/jdk/jre1.8.0_121/bin;G:/DevelopSoft/jdk/jre1.8.0_121/lib/amd64;G:\DevelopSoft\Python\Scripts\;G:\DevelopSoft\Python\;C:\ProgramData\Oracle\Java\javapath;C:\windows\system32;C:\windows;C:\windows\System32\Wbem;C:\windows\System32\WindowsPowerShell\v1.0\;C:\Program Files (x86)\NVIDIA Corporation\PhysX\Common;G:\DevelopSoft\jdk\jdk1.8.0_121\bin;G:\DevelopSoft\Maven\apache-maven-3.3.9\bin;C:\Program Files (x86)\MySQL\MySQL Fabric 1.5.3 & MySQL Utilities 1.5.3 1.5\;C:\Program Files (x86)\MySQL\MySQL Fabric 1.5.3 & MySQL Utilities 1.5.3 1.5\Doctrine extensions for PHP\;G:\DevelopSoft\Python;G:\DevelopSoft\Scala\bin;G:\DevelopSoft\Sbt\bin;G:\DevelopSoft\hadoop-common-2.6.0\bin;C:\Users\Administrator\AppData\Local\Microsoft\WindowsApps;;G:\DevelopSoft\Eclipse;;.]
2018-12-15 23:30:05 INFO  [main] o.a.c.core.ContainerBase.[Tomcat].[localhost].[/].log(): 173 - Initializing Spring embedded WebApplicationContext
2018-12-15 23:30:05 DEBUG [main] org.apache.ibatis.logging.LogFactory.setImplementation(): 135 - Logging initialized using 'class org.apache.ibatis.logging.slf4j.Slf4jImpl' adapter.
2018-12-15 23:30:05 DEBUG [main] org.apache.ibatis.io.VFS.createVFS(): 77 - Using VFS adapter org.mybatis.spring.boot.autoconfigure.SpringBootVFS
2018-12-15 23:30:05 DEBUG [main] org.apache.ibatis.io.ResolverUtil.addIfMatching(): 256 - Checking to see if class com.jay.kerrigan.common.entity.mapper.Flow matches criteria [is assignable to Object]
2018-12-15 23:30:05 DEBUG [main] org.apache.ibatis.io.ResolverUtil.addIfMatching(): 256 - Checking to see if class com.jay.kerrigan.common.entity.mapper.Project matches criteria [is assignable to Object]
2018-12-15 23:30:05 INFO  [main] org.apache.coyote.http11.Http11NioProtocol.log(): 173 - Starting ProtocolHandler ["http-nio-7000"]
2018-12-15 23:30:05 INFO  [main] org.apache.tomcat.util.net.NioSelectorPool.log(): 173 - Using a shared selector for servlet write/read
2018-12-15 23:30:05 INFO  [main] com.jay.kerrigan.Kerrigan.logStarted(): 59 - Started Kerrigan in 2.429 seconds (JVM running for 2.794)
2018-12-15 23:30:50 INFO  [main] com.jay.kerrigan.Kerrigan.logStarting(): 50 - Starting Kerrigan on Jay-yang with PID 3508 (C:\Users\Administrator\git\Kerrigan\target\classes started by Administrator in C:\Users\Administrator\git\Kerrigan)
2018-12-15 23:30:50 DEBUG [main] com.jay.kerrigan.Kerrigan.logStarting(): 53 - Running with Spring Boot v2.1.1.RELEASE, Spring v5.1.3.RELEASE
2018-12-15 23:30:50 INFO  [main] com.jay.kerrigan.Kerrigan.logStartupProfileInfo(): 675 - No active profile set, falling back to default profiles: default
2018-12-15 23:30:51 INFO  [main] org.apache.coyote.http11.Http11NioProtocol.log(): 173 - Initializing ProtocolHandler ["http-nio-7000"]
2018-12-15 23:30:51 INFO  [main] org.apache.catalina.core.StandardService.log(): 173 - Starting service [Tomcat]
2018-12-15 23:30:51 INFO  [main] org.apache.catalina.core.StandardEngine.log(): 173 - Starting Servlet Engine: Apache Tomcat/9.0.13
2018-12-15 23:30:51 INFO  [main] org.apache.catalina.core.AprLifecycleListener.log(): 173 - The APR based Apache Tomcat Native library which allows optimal performance in production environments was not found on the java.library.path: [G:\DevelopSoft\jdk\jdk1.8.0_121\bin;C:\windows\Sun\Java\bin;C:\windows\system32;C:\windows;G:/DevelopSoft/jdk/jre1.8.0_121/bin/server;G:/DevelopSoft/jdk/jre1.8.0_121/bin;G:/DevelopSoft/jdk/jre1.8.0_121/lib/amd64;G:\DevelopSoft\Python\Scripts\;G:\DevelopSoft\Python\;C:\ProgramData\Oracle\Java\javapath;C:\windows\system32;C:\windows;C:\windows\System32\Wbem;C:\windows\System32\WindowsPowerShell\v1.0\;C:\Program Files (x86)\NVIDIA Corporation\PhysX\Common;G:\DevelopSoft\jdk\jdk1.8.0_121\bin;G:\DevelopSoft\Maven\apache-maven-3.3.9\bin;C:\Program Files (x86)\MySQL\MySQL Fabric 1.5.3 & MySQL Utilities 1.5.3 1.5\;C:\Program Files (x86)\MySQL\MySQL Fabric 1.5.3 & MySQL Utilities 1.5.3 1.5\Doctrine extensions for PHP\;G:\DevelopSoft\Python;G:\DevelopSoft\Scala\bin;G:\DevelopSoft\Sbt\bin;G:\DevelopSoft\hadoop-common-2.6.0\bin;C:\Users\Administrator\AppData\Local\Microsoft\WindowsApps;;G:\DevelopSoft\Eclipse;;.]
2018-12-15 23:30:51 INFO  [main] o.a.c.core.ContainerBase.[Tomcat].[localhost].[/].log(): 173 - Initializing Spring embedded WebApplicationContext
2018-12-15 23:30:51 DEBUG [main] org.apache.ibatis.logging.LogFactory.setImplementation(): 135 - Logging initialized using 'class org.apache.ibatis.logging.slf4j.Slf4jImpl' adapter.
2018-12-15 23:30:51 DEBUG [main] org.apache.ibatis.io.VFS.createVFS(): 77 - Using VFS adapter org.mybatis.spring.boot.autoconfigure.SpringBootVFS
2018-12-15 23:30:51 DEBUG [main] org.apache.ibatis.io.ResolverUtil.addIfMatching(): 256 - Checking to see if class com.jay.kerrigan.common.entity.mapper.Flow matches criteria [is assignable to Object]
2018-12-15 23:30:51 DEBUG [main] org.apache.ibatis.io.ResolverUtil.addIfMatching(): 256 - Checking to see if class com.jay.kerrigan.common.entity.mapper.Project matches criteria [is assignable to Object]
2018-12-15 23:30:52 INFO  [main] org.apache.coyote.http11.Http11NioProtocol.log(): 173 - Starting ProtocolHandler ["http-nio-7000"]
2018-12-15 23:30:52 INFO  [main] org.apache.tomcat.util.net.NioSelectorPool.log(): 173 - Using a shared selector for servlet write/read
2018-12-15 23:30:52 INFO  [main] com.jay.kerrigan.Kerrigan.logStarted(): 59 - Started Kerrigan in 2.492 seconds (JVM running for 2.85)
2018-12-15 23:31:49 INFO  [main] com.jay.kerrigan.Kerrigan.logStarting(): 50 - Starting Kerrigan on Jay-yang with PID 5508 (C:\Users\Administrator\git\Kerrigan\target\classes started by Administrator in C:\Users\Administrator\git\Kerrigan)
2018-12-15 23:31:49 DEBUG [main] com.jay.kerrigan.Kerrigan.logStarting(): 53 - Running with Spring Boot v2.1.1.RELEASE, Spring v5.1.3.RELEASE
2018-12-15 23:31:49 INFO  [main] com.jay.kerrigan.Kerrigan.logStartupProfileInfo(): 675 - No active profile set, falling back to default profiles: default
2018-12-15 23:31:51 INFO  [main] org.apache.coyote.http11.Http11NioProtocol.log(): 173 - Initializing ProtocolHandler ["http-nio-7000"]
2018-12-15 23:31:51 INFO  [main] org.apache.catalina.core.StandardService.log(): 173 - Starting service [Tomcat]
2018-12-15 23:31:51 INFO  [main] org.apache.catalina.core.StandardEngine.log(): 173 - Starting Servlet Engine: Apache Tomcat/9.0.13
2018-12-15 23:31:51 INFO  [main] org.apache.catalina.core.AprLifecycleListener.log(): 173 - The APR based Apache Tomcat Native library which allows optimal performance in production environments was not found on the java.library.path: [G:\DevelopSoft\jdk\jdk1.8.0_121\bin;C:\windows\Sun\Java\bin;C:\windows\system32;C:\windows;G:\DevelopSoft\jdk\jdk1.8.0_121\jre\bin;G:/DevelopSoft/jdk/jre1.8.0_121/bin/server;G:/DevelopSoft/jdk/jre1.8.0_121/bin;G:/DevelopSoft/jdk/jre1.8.0_121/lib/amd64;G:\DevelopSoft\Python\Scripts\;G:\DevelopSoft\Python\;C:\ProgramData\Oracle\Java\javapath;C:\windows\system32;C:\windows;C:\windows\System32\Wbem;C:\windows\System32\WindowsPowerShell\v1.0\;C:\Program Files (x86)\NVIDIA Corporation\PhysX\Common;G:\DevelopSoft\jdk\jdk1.8.0_121\bin;G:\DevelopSoft\Maven\apache-maven-3.3.9\bin;C:\Program Files (x86)\MySQL\MySQL Fabric 1.5.3 & MySQL Utilities 1.5.3 1.5\;C:\Program Files (x86)\MySQL\MySQL Fabric 1.5.3 & MySQL Utilities 1.5.3 1.5\Doctrine extensions for PHP\;G:\DevelopSoft\Python;G:\DevelopSoft\Scala\bin;G:\DevelopSoft\Sbt\bin;G:\DevelopSoft\hadoop-common-2.6.0\bin;C:\Users\Administrator\AppData\Local\Microsoft\WindowsApps;;G:\DevelopSoft\Eclipse;;.]
2018-12-15 23:31:51 INFO  [main] o.a.c.core.ContainerBase.[Tomcat].[localhost].[/].log(): 173 - Initializing Spring embedded WebApplicationContext
2018-12-15 23:31:51 DEBUG [main] org.apache.ibatis.logging.LogFactory.setImplementation(): 135 - Logging initialized using 'class org.apache.ibatis.logging.slf4j.Slf4jImpl' adapter.
2018-12-15 23:31:51 DEBUG [main] org.apache.ibatis.io.VFS.createVFS(): 77 - Using VFS adapter org.mybatis.spring.boot.autoconfigure.SpringBootVFS
2018-12-15 23:31:51 DEBUG [main] org.apache.ibatis.io.ResolverUtil.addIfMatching(): 256 - Checking to see if class com.jay.kerrigan.common.entity.mapper.Flow matches criteria [is assignable to Object]
2018-12-15 23:31:51 DEBUG [main] org.apache.ibatis.io.ResolverUtil.addIfMatching(): 256 - Checking to see if class com.jay.kerrigan.common.entity.mapper.Project matches criteria [is assignable to Object]
2018-12-15 23:31:52 INFO  [main] org.apache.coyote.http11.Http11NioProtocol.log(): 173 - Starting ProtocolHandler ["http-nio-7000"]
2018-12-15 23:31:52 INFO  [main] org.apache.tomcat.util.net.NioSelectorPool.log(): 173 - Using a shared selector for servlet write/read
2018-12-15 23:31:52 INFO  [main] com.jay.kerrigan.Kerrigan.logStarted(): 59 - Started Kerrigan in 2.909 seconds (JVM running for 3.809)
2018-12-15 23:34:30 INFO  [main] com.jay.kerrigan.Kerrigan.logStarting(): 50 - Starting Kerrigan on Jay-yang with PID 14880 (C:\Users\Administrator\git\Kerrigan\target\classes started by Administrator in C:\Users\Administrator\git\Kerrigan)
2018-12-15 23:34:30 DEBUG [main] com.jay.kerrigan.Kerrigan.logStarting(): 53 - Running with Spring Boot v2.1.1.RELEASE, Spring v5.1.3.RELEASE
2018-12-15 23:34:30 INFO  [main] com.jay.kerrigan.Kerrigan.logStartupProfileInfo(): 675 - No active profile set, falling back to default profiles: default
2018-12-15 23:34:31 INFO  [main] org.apache.coyote.http11.Http11NioProtocol.log(): 173 - Initializing ProtocolHandler ["http-nio-7000"]
2018-12-15 23:34:31 INFO  [main] org.apache.catalina.core.StandardService.log(): 173 - Starting service [Tomcat]
2018-12-15 23:34:31 INFO  [main] org.apache.catalina.core.StandardEngine.log(): 173 - Starting Servlet Engine: Apache Tomcat/9.0.13
2018-12-15 23:34:31 INFO  [main] org.apache.catalina.core.AprLifecycleListener.log(): 173 - The APR based Apache Tomcat Native library which allows optimal performance in production environments was not found on the java.library.path: [G:\DevelopSoft\jdk\jdk1.8.0_121\bin;C:\windows\Sun\Java\bin;C:\windows\system32;C:\windows;G:\DevelopSoft\jdk\jdk1.8.0_121\jre\bin;G:/DevelopSoft/jdk/jre1.8.0_121/bin/server;G:/DevelopSoft/jdk/jre1.8.0_121/bin;G:/DevelopSoft/jdk/jre1.8.0_121/lib/amd64;G:\DevelopSoft\Python\Scripts\;G:\DevelopSoft\Python\;C:\ProgramData\Oracle\Java\javapath;C:\windows\system32;C:\windows;C:\windows\System32\Wbem;C:\windows\System32\WindowsPowerShell\v1.0\;C:\Program Files (x86)\NVIDIA Corporation\PhysX\Common;G:\DevelopSoft\jdk\jdk1.8.0_121\bin;G:\DevelopSoft\Maven\apache-maven-3.3.9\bin;C:\Program Files (x86)\MySQL\MySQL Fabric 1.5.3 & MySQL Utilities 1.5.3 1.5\;C:\Program Files (x86)\MySQL\MySQL Fabric 1.5.3 & MySQL Utilities 1.5.3 1.5\Doctrine extensions for PHP\;G:\DevelopSoft\Python;G:\DevelopSoft\Scala\bin;G:\DevelopSoft\Sbt\bin;G:\DevelopSoft\hadoop-common-2.6.0\bin;C:\Users\Administrator\AppData\Local\Microsoft\WindowsApps;;G:\DevelopSoft\Eclipse;;.]
2018-12-15 23:34:31 INFO  [main] o.a.c.core.ContainerBase.[Tomcat].[localhost].[/].log(): 173 - Initializing Spring embedded WebApplicationContext
2018-12-15 23:34:31 DEBUG [main] org.apache.ibatis.logging.LogFactory.setImplementation(): 135 - Logging initialized using 'class org.apache.ibatis.logging.slf4j.Slf4jImpl' adapter.
2018-12-15 23:34:31 DEBUG [main] org.apache.ibatis.io.VFS.createVFS(): 77 - Using VFS adapter org.mybatis.spring.boot.autoconfigure.SpringBootVFS
2018-12-15 23:34:31 DEBUG [main] org.apache.ibatis.io.ResolverUtil.addIfMatching(): 256 - Checking to see if class com.jay.kerrigan.common.entity.mapper.Flow matches criteria [is assignable to Object]
2018-12-15 23:34:31 DEBUG [main] org.apache.ibatis.io.ResolverUtil.addIfMatching(): 256 - Checking to see if class com.jay.kerrigan.common.entity.mapper.Project matches criteria [is assignable to Object]
2018-12-15 23:34:32 INFO  [main] org.apache.coyote.http11.Http11NioProtocol.log(): 173 - Starting ProtocolHandler ["http-nio-7000"]
2018-12-15 23:34:32 INFO  [main] org.apache.tomcat.util.net.NioSelectorPool.log(): 173 - Using a shared selector for servlet write/read
2018-12-15 23:34:32 INFO  [main] com.jay.kerrigan.Kerrigan.logStarted(): 59 - Started Kerrigan in 142.868 seconds (JVM running for 143.565)
2018-12-15 23:39:00 INFO  [main] com.jay.kerrigan.Kerrigan.logStarting(): 50 - Starting Kerrigan on Jay-yang with PID 9704 (C:\Users\Administrator\git\Kerrigan\target\classes started by Administrator in C:\Users\Administrator\git\Kerrigan)
2018-12-15 23:39:00 DEBUG [main] com.jay.kerrigan.Kerrigan.logStarting(): 53 - Running with Spring Boot v2.1.1.RELEASE, Spring v5.1.3.RELEASE
2018-12-15 23:39:00 INFO  [main] com.jay.kerrigan.Kerrigan.logStartupProfileInfo(): 675 - No active profile set, falling back to default profiles: default
2018-12-15 23:39:01 INFO  [main] org.apache.coyote.http11.Http11NioProtocol.log(): 173 - Initializing ProtocolHandler ["http-nio-7000"]
2018-12-15 23:39:01 INFO  [main] org.apache.catalina.core.StandardService.log(): 173 - Starting service [Tomcat]
2018-12-15 23:39:01 INFO  [main] org.apache.catalina.core.StandardEngine.log(): 173 - Starting Servlet Engine: Apache Tomcat/9.0.13
2018-12-15 23:39:01 INFO  [main] org.apache.catalina.core.AprLifecycleListener.log(): 173 - The APR based Apache Tomcat Native library which allows optimal performance in production environments was not found on the java.library.path: [G:\DevelopSoft\jdk\jdk1.8.0_121\bin;C:\windows\Sun\Java\bin;C:\windows\system32;C:\windows;G:\DevelopSoft\jdk\jdk1.8.0_121\jre\bin;G:/DevelopSoft/jdk/jre1.8.0_121/bin/server;G:/DevelopSoft/jdk/jre1.8.0_121/bin;G:/DevelopSoft/jdk/jre1.8.0_121/lib/amd64;G:\DevelopSoft\Python\Scripts\;G:\DevelopSoft\Python\;C:\ProgramData\Oracle\Java\javapath;C:\windows\system32;C:\windows;C:\windows\System32\Wbem;C:\windows\System32\WindowsPowerShell\v1.0\;C:\Program Files (x86)\NVIDIA Corporation\PhysX\Common;G:\DevelopSoft\jdk\jdk1.8.0_121\bin;G:\DevelopSoft\Maven\apache-maven-3.3.9\bin;C:\Program Files (x86)\MySQL\MySQL Fabric 1.5.3 & MySQL Utilities 1.5.3 1.5\;C:\Program Files (x86)\MySQL\MySQL Fabric 1.5.3 & MySQL Utilities 1.5.3 1.5\Doctrine extensions for PHP\;G:\DevelopSoft\Python;G:\DevelopSoft\Scala\bin;G:\DevelopSoft\Sbt\bin;G:\DevelopSoft\hadoop-common-2.6.0\bin;C:\Users\Administrator\AppData\Local\Microsoft\WindowsApps;;G:\DevelopSoft\Eclipse;;.]
2018-12-15 23:39:01 INFO  [main] o.a.c.core.ContainerBase.[Tomcat].[localhost].[/].log(): 173 - Initializing Spring embedded WebApplicationContext
2018-12-15 23:39:01 DEBUG [main] org.apache.ibatis.logging.LogFactory.setImplementation(): 135 - Logging initialized using 'class org.apache.ibatis.logging.slf4j.Slf4jImpl' adapter.
2018-12-15 23:39:02 DEBUG [main] org.apache.ibatis.io.VFS.createVFS(): 77 - Using VFS adapter org.mybatis.spring.boot.autoconfigure.SpringBootVFS
2018-12-15 23:39:02 DEBUG [main] org.apache.ibatis.io.ResolverUtil.addIfMatching(): 256 - Checking to see if class com.jay.kerrigan.common.entity.mapper.Flow matches criteria [is assignable to Object]
2018-12-15 23:39:02 DEBUG [main] org.apache.ibatis.io.ResolverUtil.addIfMatching(): 256 - Checking to see if class com.jay.kerrigan.common.entity.mapper.Project matches criteria [is assignable to Object]
2018-12-15 23:39:02 INFO  [main] org.apache.coyote.http11.Http11NioProtocol.log(): 173 - Starting ProtocolHandler ["http-nio-7000"]
2018-12-15 23:39:02 INFO  [main] org.apache.tomcat.util.net.NioSelectorPool.log(): 173 - Using a shared selector for servlet write/read
2018-12-15 23:39:02 INFO  [main] com.jay.kerrigan.Kerrigan.logStarted(): 59 - Started Kerrigan in 54.752 seconds (JVM running for 55.274)
2018-12-15 23:51:31 INFO  [main] com.jay.kerrigan.Kerrigan.logStarting(): 50 - Starting Kerrigan on Jay-yang with PID 12968 (C:\Users\Administrator\git\Kerrigan\target\classes started by Administrator in C:\Users\Administrator\git\Kerrigan)
2018-12-15 23:51:31 DEBUG [main] com.jay.kerrigan.Kerrigan.logStarting(): 53 - Running with Spring Boot v2.1.1.RELEASE, Spring v5.1.3.RELEASE
2018-12-15 23:51:31 INFO  [main] com.jay.kerrigan.Kerrigan.logStartupProfileInfo(): 675 - No active profile set, falling back to default profiles: default
2018-12-15 23:51:33 INFO  [main] org.apache.coyote.http11.Http11NioProtocol.log(): 173 - Initializing ProtocolHandler ["http-nio-7000"]
2018-12-15 23:51:33 INFO  [main] org.apache.catalina.core.StandardService.log(): 173 - Starting service [Tomcat]
2018-12-15 23:51:33 INFO  [main] org.apache.catalina.core.StandardEngine.log(): 173 - Starting Servlet Engine: Apache Tomcat/9.0.13
2018-12-15 23:51:33 INFO  [main] org.apache.catalina.core.AprLifecycleListener.log(): 173 - The APR based Apache Tomcat Native library which allows optimal performance in production environments was not found on the java.library.path: [G:\DevelopSoft\jdk\jdk1.8.0_121\bin;C:\windows\Sun\Java\bin;C:\windows\system32;C:\windows;G:\DevelopSoft\jdk\jdk1.8.0_121\jre\bin;G:/DevelopSoft/jdk/jre1.8.0_121/bin/server;G:/DevelopSoft/jdk/jre1.8.0_121/bin;G:/DevelopSoft/jdk/jre1.8.0_121/lib/amd64;G:\DevelopSoft\Python\Scripts\;G:\DevelopSoft\Python\;C:\ProgramData\Oracle\Java\javapath;C:\windows\system32;C:\windows;C:\windows\System32\Wbem;C:\windows\System32\WindowsPowerShell\v1.0\;C:\Program Files (x86)\NVIDIA Corporation\PhysX\Common;G:\DevelopSoft\jdk\jdk1.8.0_121\bin;G:\DevelopSoft\Maven\apache-maven-3.3.9\bin;C:\Program Files (x86)\MySQL\MySQL Fabric 1.5.3 & MySQL Utilities 1.5.3 1.5\;C:\Program Files (x86)\MySQL\MySQL Fabric 1.5.3 & MySQL Utilities 1.5.3 1.5\Doctrine extensions for PHP\;G:\DevelopSoft\Python;G:\DevelopSoft\Scala\bin;G:\DevelopSoft\Sbt\bin;G:\DevelopSoft\hadoop-common-2.6.0\bin;C:\Users\Administrator\AppData\Local\Microsoft\WindowsApps;;G:\DevelopSoft\Eclipse;;.]
2018-12-15 23:51:33 INFO  [main] o.a.c.core.ContainerBase.[Tomcat].[localhost].[/].log(): 173 - Initializing Spring embedded WebApplicationContext
2018-12-15 23:51:33 DEBUG [main] org.apache.ibatis.logging.LogFactory.setImplementation(): 135 - Logging initialized using 'class org.apache.ibatis.logging.slf4j.Slf4jImpl' adapter.
2018-12-15 23:51:33 DEBUG [main] org.apache.ibatis.io.VFS.createVFS(): 77 - Using VFS adapter org.mybatis.spring.boot.autoconfigure.SpringBootVFS
2018-12-15 23:51:33 DEBUG [main] org.apache.ibatis.io.ResolverUtil.addIfMatching(): 256 - Checking to see if class com.jay.kerrigan.common.entity.mapper.Flow matches criteria [is assignable to Object]
2018-12-15 23:51:33 DEBUG [main] org.apache.ibatis.io.ResolverUtil.addIfMatching(): 256 - Checking to see if class com.jay.kerrigan.common.entity.mapper.Project matches criteria [is assignable to Object]
2018-12-15 23:51:34 INFO  [main] org.apache.coyote.http11.Http11NioProtocol.log(): 173 - Starting ProtocolHandler ["http-nio-7000"]
2018-12-15 23:51:34 INFO  [main] org.apache.tomcat.util.net.NioSelectorPool.log(): 173 - Using a shared selector for servlet write/read
2018-12-15 23:51:34 INFO  [main] com.jay.kerrigan.Kerrigan.logStarted(): 59 - Started Kerrigan in 123.244 seconds (JVM running for 123.869)
2018-12-15 23:59:50 INFO  [main] com.jay.kerrigan.Kerrigan.logStarting(): 50 - Starting Kerrigan on Jay-yang with PID 11260 (C:\Users\Administrator\git\Kerrigan\target\classes started by Administrator in C:\Users\Administrator\git\Kerrigan)
2018-12-15 23:59:50 DEBUG [main] com.jay.kerrigan.Kerrigan.logStarting(): 53 - Running with Spring Boot v2.1.1.RELEASE, Spring v5.1.3.RELEASE
2018-12-15 23:59:50 INFO  [main] com.jay.kerrigan.Kerrigan.logStartupProfileInfo(): 675 - No active profile set, falling back to default profiles: default
2018-12-15 23:59:52 INFO  [main] org.apache.coyote.http11.Http11NioProtocol.log(): 173 - Initializing ProtocolHandler ["http-nio-7000"]
2018-12-15 23:59:52 INFO  [main] org.apache.catalina.core.StandardService.log(): 173 - Starting service [Tomcat]
2018-12-15 23:59:52 INFO  [main] org.apache.catalina.core.StandardEngine.log(): 173 - Starting Servlet Engine: Apache Tomcat/9.0.13
2018-12-15 23:59:52 INFO  [main] org.apache.catalina.core.AprLifecycleListener.log(): 173 - The APR based Apache Tomcat Native library which allows optimal performance in production environments was not found on the java.library.path: [G:\DevelopSoft\jdk\jdk1.8.0_121\bin;C:\windows\Sun\Java\bin;C:\windows\system32;C:\windows;G:\DevelopSoft\jdk\jdk1.8.0_121\jre\bin;G:/DevelopSoft/jdk/jre1.8.0_121/bin/server;G:/DevelopSoft/jdk/jre1.8.0_121/bin;G:/DevelopSoft/jdk/jre1.8.0_121/lib/amd64;G:\DevelopSoft\Python\Scripts\;G:\DevelopSoft\Python\;C:\ProgramData\Oracle\Java\javapath;C:\windows\system32;C:\windows;C:\windows\System32\Wbem;C:\windows\System32\WindowsPowerShell\v1.0\;C:\Program Files (x86)\NVIDIA Corporation\PhysX\Common;G:\DevelopSoft\jdk\jdk1.8.0_121\bin;G:\DevelopSoft\Maven\apache-maven-3.3.9\bin;C:\Program Files (x86)\MySQL\MySQL Fabric 1.5.3 & MySQL Utilities 1.5.3 1.5\;C:\Program Files (x86)\MySQL\MySQL Fabric 1.5.3 & MySQL Utilities 1.5.3 1.5\Doctrine extensions for PHP\;G:\DevelopSoft\Python;G:\DevelopSoft\Scala\bin;G:\DevelopSoft\Sbt\bin;G:\DevelopSoft\hadoop-common-2.6.0\bin;C:\Users\Administrator\AppData\Local\Microsoft\WindowsApps;;G:\DevelopSoft\Eclipse;;.]
2018-12-15 23:59:52 INFO  [main] o.a.c.core.ContainerBase.[Tomcat].[localhost].[/].log(): 173 - Initializing Spring embedded WebApplicationContext
2018-12-15 23:59:52 DEBUG [main] org.apache.ibatis.logging.LogFactory.setImplementation(): 135 - Logging initialized using 'class org.apache.ibatis.logging.slf4j.Slf4jImpl' adapter.
2018-12-15 23:59:52 DEBUG [main] org.apache.ibatis.io.VFS.createVFS(): 77 - Using VFS adapter org.mybatis.spring.boot.autoconfigure.SpringBootVFS
2018-12-15 23:59:52 DEBUG [main] org.apache.ibatis.io.ResolverUtil.addIfMatching(): 256 - Checking to see if class com.jay.kerrigan.common.entity.mapper.Flow matches criteria [is assignable to Object]
2018-12-15 23:59:52 DEBUG [main] org.apache.ibatis.io.ResolverUtil.addIfMatching(): 256 - Checking to see if class com.jay.kerrigan.common.entity.mapper.Project matches criteria [is assignable to Object]
2018-12-15 23:59:53 INFO  [main] org.apache.coyote.http11.Http11NioProtocol.log(): 173 - Starting ProtocolHandler ["http-nio-7000"]
2018-12-15 23:59:53 INFO  [main] org.apache.tomcat.util.net.NioSelectorPool.log(): 173 - Using a shared selector for servlet write/read
2018-12-15 23:59:53 INFO  [main] com.jay.kerrigan.Kerrigan.logStarted(): 59 - Started Kerrigan in 2.917 seconds (JVM running for 3.539)
