2018-12-16 00:07:55 INFO  [main] com.jay.kerrigan.Kerrigan.logStarting(): 50 - Starting Kerrigan on Jay-yang with PID 10020 (C:\Users\Administrator\git\Kerrigan\target\classes started by Administrator in C:\Users\Administrator\git\Kerrigan)
2018-12-16 00:07:55 DEBUG [main] com.jay.kerrigan.Kerrigan.logStarting(): 53 - Running with Spring Boot v2.1.1.RELEASE, Spring v5.1.3.RELEASE
2018-12-16 00:07:55 INFO  [main] com.jay.kerrigan.Kerrigan.logStartupProfileInfo(): 675 - No active profile set, falling back to default profiles: default
2018-12-16 00:07:57 INFO  [main] org.apache.coyote.http11.Http11NioProtocol.log(): 173 - Initializing ProtocolHandler ["http-nio-7000"]
2018-12-16 00:07:57 INFO  [main] org.apache.catalina.core.StandardService.log(): 173 - Starting service [Tomcat]
2018-12-16 00:07:57 INFO  [main] org.apache.catalina.core.StandardEngine.log(): 173 - Starting Servlet Engine: Apache Tomcat/9.0.13
2018-12-16 00:07:57 INFO  [main] org.apache.catalina.core.AprLifecycleListener.log(): 173 - The APR based Apache Tomcat Native library which allows optimal performance in production environments was not found on the java.library.path: [G:\DevelopSoft\jdk\jdk1.8.0_121\bin;C:\windows\Sun\Java\bin;C:\windows\system32;C:\windows;G:\DevelopSoft\jdk\jdk1.8.0_121\jre\bin;G:/DevelopSoft/jdk/jre1.8.0_121/bin/server;G:/DevelopSoft/jdk/jre1.8.0_121/bin;G:/DevelopSoft/jdk/jre1.8.0_121/lib/amd64;G:\DevelopSoft\Python\Scripts\;G:\DevelopSoft\Python\;C:\ProgramData\Oracle\Java\javapath;C:\windows\system32;C:\windows;C:\windows\System32\Wbem;C:\windows\System32\WindowsPowerShell\v1.0\;C:\Program Files (x86)\NVIDIA Corporation\PhysX\Common;G:\DevelopSoft\jdk\jdk1.8.0_121\bin;G:\DevelopSoft\Maven\apache-maven-3.3.9\bin;C:\Program Files (x86)\MySQL\MySQL Fabric 1.5.3 & MySQL Utilities 1.5.3 1.5\;C:\Program Files (x86)\MySQL\MySQL Fabric 1.5.3 & MySQL Utilities 1.5.3 1.5\Doctrine extensions for PHP\;G:\DevelopSoft\Python;G:\DevelopSoft\Scala\bin;G:\DevelopSoft\Sbt\bin;G:\DevelopSoft\hadoop-common-2.6.0\bin;C:\Users\Administrator\AppData\Local\Microsoft\WindowsApps;;G:\DevelopSoft\Eclipse;;.]
2018-12-16 00:07:57 INFO  [main] o.a.c.core.ContainerBase.[Tomcat].[localhost].[/].log(): 173 - Initializing Spring embedded WebApplicationContext
2018-12-16 00:07:57 DEBUG [main] org.apache.ibatis.logging.LogFactory.setImplementation(): 135 - Logging initialized using 'class org.apache.ibatis.logging.slf4j.Slf4jImpl' adapter.
2018-12-16 00:07:57 INFO  [main] org.apache.catalina.core.StandardService.log(): 173 - Stopping service [Tomcat]
2018-12-16 00:07:57 ERROR [main] org.springframework.boot.SpringApplication.reportFailure(): 858 - Application run failed
org.springframework.beans.factory.UnsatisfiedDependencyException: Error creating bean with name 'projectController': Unsatisfied dependency expressed through field 'projectService'; nested exception is org.springframework.beans.factory.UnsatisfiedDependencyException: Error creating bean with name 'projectServiceImpl': Unsatisfied dependency expressed through field 'projectMapper'; nested exception is org.springframework.beans.factory.UnsatisfiedDependencyException: Error creating bean with name 'projectMapper' defined in file [C:\Users\Administrator\git\Kerrigan\target\classes\com\jay\kerrigan\master\mapper\ProjectMapper.class]: Unsatisfied dependency expressed through bean property 'sqlSessionFactory'; nested exception is org.springframework.beans.factory.BeanCreationException: Error creating bean with name 'sqlSessionFactory' defined in class path resource [org/mybatis/spring/boot/autoconfigure/MybatisAutoConfiguration.class]: Bean instantiation via factory method failed; nested exception is org.springframework.beans.BeanInstantiationException: Failed to instantiate [org.apache.ibatis.session.SqlSessionFactory]: Factory method 'sqlSessionFactory' threw exception; nested exception is java.lang.IllegalStateException: Property 'configuration' and 'configLocation' can not specified with together
	at org.springframework.beans.factory.annotation.AutowiredAnnotationBeanPostProcessor$AutowiredFieldElement.inject(AutowiredAnnotationBeanPostProcessor.java:596)
	at org.springframework.beans.factory.annotation.InjectionMetadata.inject(InjectionMetadata.java:90)
	at org.springframework.beans.factory.annotation.AutowiredAnnotationBeanPostProcessor.postProcessProperties(AutowiredAnnotationBeanPostProcessor.java:374)
	at org.springframework.beans.factory.support.AbstractAutowireCapableBeanFactory.populateBean(AbstractAutowireCapableBeanFactory.java:1378)
	at org.springframework.beans.factory.support.AbstractAutowireCapableBeanFactory.doCreateBean(AbstractAutowireCapableBeanFactory.java:575)
	at org.springframework.beans.factory.support.AbstractAutowireCapableBeanFactory.createBean(AbstractAutowireCapableBeanFactory.java:498)
	at org.springframework.beans.factory.support.AbstractBeanFactory.lambda$doGetBean$0(AbstractBeanFactory.java:320)
	at org.springframework.beans.factory.support.DefaultSingletonBeanRegistry.getSingleton(DefaultSingletonBeanRegistry.java:222)
	at org.springframework.beans.factory.support.AbstractBeanFactory.doGetBean(AbstractBeanFactory.java:318)
	at org.springframework.beans.factory.support.AbstractBeanFactory.getBean(AbstractBeanFactory.java:199)
	at org.springframework.beans.factory.support.DefaultListableBeanFactory.preInstantiateSingletons(DefaultListableBeanFactory.java:846)
	at org.springframework.context.support.AbstractApplicationContext.finishBeanFactoryInitialization(AbstractApplicationContext.java:863)
	at org.springframework.context.support.AbstractApplicationContext.refresh(AbstractApplicationContext.java:546)
	at org.springframework.boot.web.servlet.context.ServletWebServerApplicationContext.refresh(ServletWebServerApplicationContext.java:142)
	at org.springframework.boot.SpringApplication.refresh(SpringApplication.java:775)
	at org.springframework.boot.SpringApplication.refreshContext(SpringApplication.java:397)
	at org.springframework.boot.SpringApplication.run(SpringApplication.java:316)
	at com.jay.kerrigan.Kerrigan.main(Kerrigan.java:29)
Caused by: org.springframework.beans.factory.UnsatisfiedDependencyException: Error creating bean with name 'projectServiceImpl': Unsatisfied dependency expressed through field 'projectMapper'; nested exception is org.springframework.beans.factory.UnsatisfiedDependencyException: Error creating bean with name 'projectMapper' defined in file [C:\Users\Administrator\git\Kerrigan\target\classes\com\jay\kerrigan\master\mapper\ProjectMapper.class]: Unsatisfied dependency expressed through bean property 'sqlSessionFactory'; nested exception is org.springframework.beans.factory.BeanCreationException: Error creating bean with name 'sqlSessionFactory' defined in class path resource [org/mybatis/spring/boot/autoconfigure/MybatisAutoConfiguration.class]: Bean instantiation via factory method failed; nested exception is org.springframework.beans.BeanInstantiationException: Failed to instantiate [org.apache.ibatis.session.SqlSessionFactory]: Factory method 'sqlSessionFactory' threw exception; nested exception is java.lang.IllegalStateException: Property 'configuration' and 'configLocation' can not specified with together
	at org.springframework.beans.factory.annotation.AutowiredAnnotationBeanPostProcessor$AutowiredFieldElement.inject(AutowiredAnnotationBeanPostProcessor.java:596)
	at org.springframework.beans.factory.annotation.InjectionMetadata.inject(InjectionMetadata.java:90)
	at org.springframework.beans.factory.annotation.AutowiredAnnotationBeanPostProcessor.postProcessProperties(AutowiredAnnotationBeanPostProcessor.java:374)
	at org.springframework.beans.factory.support.AbstractAutowireCapableBeanFactory.populateBean(AbstractAutowireCapableBeanFactory.java:1378)
	at org.springframework.beans.factory.support.AbstractAutowireCapableBeanFactory.doCreateBean(AbstractAutowireCapableBeanFactory.java:575)
	at org.springframework.beans.factory.support.AbstractAutowireCapableBeanFactory.createBean(AbstractAutowireCapableBeanFactory.java:498)
	at org.springframework.beans.factory.support.AbstractBeanFactory.lambda$doGetBean$0(AbstractBeanFactory.java:320)
	at org.springframework.beans.factory.support.DefaultSingletonBeanRegistry.getSingleton(DefaultSingletonBeanRegistry.java:222)
	at org.springframework.beans.factory.support.AbstractBeanFactory.doGetBean(AbstractBeanFactory.java:318)
	at org.springframework.beans.factory.support.AbstractBeanFactory.getBean(AbstractBeanFactory.java:199)
	at org.springframework.beans.factory.config.DependencyDescriptor.resolveCandidate(DependencyDescriptor.java:273)
	at org.springframework.beans.factory.support.DefaultListableBeanFactory.doResolveDependency(DefaultListableBeanFactory.java:1237)
	at org.springframework.beans.factory.support.DefaultListableBeanFactory.resolveDependency(DefaultListableBeanFactory.java:1164)
	at org.springframework.beans.factory.annotation.AutowiredAnnotationBeanPostProcessor$AutowiredFieldElement.inject(AutowiredAnnotationBeanPostProcessor.java:593)
	... 17 common frames omitted
Caused by: org.springframework.beans.factory.UnsatisfiedDependencyException: Error creating bean with name 'projectMapper' defined in file [C:\Users\Administrator\git\Kerrigan\target\classes\com\jay\kerrigan\master\mapper\ProjectMapper.class]: Unsatisfied dependency expressed through bean property 'sqlSessionFactory'; nested exception is org.springframework.beans.factory.BeanCreationException: Error creating bean with name 'sqlSessionFactory' defined in class path resource [org/mybatis/spring/boot/autoconfigure/MybatisAutoConfiguration.class]: Bean instantiation via factory method failed; nested exception is org.springframework.beans.BeanInstantiationException: Failed to instantiate [org.apache.ibatis.session.SqlSessionFactory]: Factory method 'sqlSessionFactory' threw exception; nested exception is java.lang.IllegalStateException: Property 'configuration' and 'configLocation' can not specified with together
	at org.springframework.beans.factory.support.AbstractAutowireCapableBeanFactory.autowireByType(AbstractAutowireCapableBeanFactory.java:1482)
	at org.springframework.beans.factory.support.AbstractAutowireCapableBeanFactory.populateBean(AbstractAutowireCapableBeanFactory.java:1362)
	at org.springframework.beans.factory.support.AbstractAutowireCapableBeanFactory.doCreateBean(AbstractAutowireCapableBeanFactory.java:575)
	at org.springframework.beans.factory.support.AbstractAutowireCapableBeanFactory.createBean(AbstractAutowireCapableBeanFactory.java:498)
	at org.springframework.beans.factory.support.AbstractBeanFactory.lambda$doGetBean$0(AbstractBeanFactory.java:320)
	at org.springframework.beans.factory.support.DefaultSingletonBeanRegistry.getSingleton(DefaultSingletonBeanRegistry.java:222)
	at org.springframework.beans.factory.support.AbstractBeanFactory.doGetBean(AbstractBeanFactory.java:318)
	at org.springframework.beans.factory.support.AbstractBeanFactory.getBean(AbstractBeanFactory.java:199)
	at org.springframework.beans.factory.config.DependencyDescriptor.resolveCandidate(DependencyDescriptor.java:273)
	at org.springframework.beans.factory.support.DefaultListableBeanFactory.doResolveDependency(DefaultListableBeanFactory.java:1237)
	at org.springframework.beans.factory.support.DefaultListableBeanFactory.resolveDependency(DefaultListableBeanFactory.java:1164)
	at org.springframework.beans.factory.annotation.AutowiredAnnotationBeanPostProcessor$AutowiredFieldElement.inject(AutowiredAnnotationBeanPostProcessor.java:593)
	... 30 common frames omitted
Caused by: org.springframework.beans.factory.BeanCreationException: Error creating bean with name 'sqlSessionFactory' defined in class path resource [org/mybatis/spring/boot/autoconfigure/MybatisAutoConfiguration.class]: Bean instantiation via factory method failed; nested exception is org.springframework.beans.BeanInstantiationException: Failed to instantiate [org.apache.ibatis.session.SqlSessionFactory]: Factory method 'sqlSessionFactory' threw exception; nested exception is java.lang.IllegalStateException: Property 'configuration' and 'configLocation' can not specified with together
	at org.springframework.beans.factory.support.ConstructorResolver.instantiate(ConstructorResolver.java:627)
	at org.springframework.beans.factory.support.ConstructorResolver.instantiateUsingFactoryMethod(ConstructorResolver.java:607)
	at org.springframework.beans.factory.support.AbstractAutowireCapableBeanFactory.instantiateUsingFactoryMethod(AbstractAutowireCapableBeanFactory.java:1288)
	at org.springframework.beans.factory.support.AbstractAutowireCapableBeanFactory.createBeanInstance(AbstractAutowireCapableBeanFactory.java:1127)
	at org.springframework.beans.factory.support.AbstractAutowireCapableBeanFactory.doCreateBean(AbstractAutowireCapableBeanFactory.java:538)
	at org.springframework.beans.factory.support.AbstractAutowireCapableBeanFactory.createBean(AbstractAutowireCapableBeanFactory.java:498)
	at org.springframework.beans.factory.support.AbstractBeanFactory.lambda$doGetBean$0(AbstractBeanFactory.java:320)
	at org.springframework.beans.factory.support.DefaultSingletonBeanRegistry.getSingleton(DefaultSingletonBeanRegistry.java:222)
	at org.springframework.beans.factory.support.AbstractBeanFactory.doGetBean(AbstractBeanFactory.java:318)
	at org.springframework.beans.factory.support.AbstractBeanFactory.getBean(AbstractBeanFactory.java:199)
	at org.springframework.beans.factory.config.DependencyDescriptor.resolveCandidate(DependencyDescriptor.java:273)
	at org.springframework.beans.factory.support.DefaultListableBeanFactory.doResolveDependency(DefaultListableBeanFactory.java:1237)
	at org.springframework.beans.factory.support.DefaultListableBeanFactory.resolveDependency(DefaultListableBeanFactory.java:1164)
	at org.springframework.beans.factory.support.AbstractAutowireCapableBeanFactory.autowireByType(AbstractAutowireCapableBeanFactory.java:1467)
	... 41 common frames omitted
Caused by: org.springframework.beans.BeanInstantiationException: Failed to instantiate [org.apache.ibatis.session.SqlSessionFactory]: Factory method 'sqlSessionFactory' threw exception; nested exception is java.lang.IllegalStateException: Property 'configuration' and 'configLocation' can not specified with together
	at org.springframework.beans.factory.support.SimpleInstantiationStrategy.instantiate(SimpleInstantiationStrategy.java:185)
	at org.springframework.beans.factory.support.ConstructorResolver.instantiate(ConstructorResolver.java:622)
	... 54 common frames omitted
Caused by: java.lang.IllegalStateException: Property 'configuration' and 'configLocation' can not specified with together
	at org.springframework.util.Assert.state(Assert.java:73)
	at org.mybatis.spring.SqlSessionFactoryBean.afterPropertiesSet(SqlSessionFactoryBean.java:377)
	at org.mybatis.spring.SqlSessionFactoryBean.getObject(SqlSessionFactoryBean.java:547)
	at org.mybatis.spring.boot.autoconfigure.MybatisAutoConfiguration.sqlSessionFactory(MybatisAutoConfiguration.java:153)
	at org.mybatis.spring.boot.autoconfigure.MybatisAutoConfiguration$$EnhancerBySpringCGLIB$$d79e3a18.CGLIB$sqlSessionFactory$0(<generated>)
	at org.mybatis.spring.boot.autoconfigure.MybatisAutoConfiguration$$EnhancerBySpringCGLIB$$d79e3a18$$FastClassBySpringCGLIB$$27439ac2.invoke(<generated>)
	at org.springframework.cglib.proxy.MethodProxy.invokeSuper(MethodProxy.java:244)
	at org.springframework.context.annotation.ConfigurationClassEnhancer$BeanMethodInterceptor.intercept(ConfigurationClassEnhancer.java:363)
	at org.mybatis.spring.boot.autoconfigure.MybatisAutoConfiguration$$EnhancerBySpringCGLIB$$d79e3a18.sqlSessionFactory(<generated>)
	at sun.reflect.NativeMethodAccessorImpl.invoke0(Native Method)
	at sun.reflect.NativeMethodAccessorImpl.invoke(NativeMethodAccessorImpl.java:62)
	at sun.reflect.DelegatingMethodAccessorImpl.invoke(DelegatingMethodAccessorImpl.java:43)
	at java.lang.reflect.Method.invoke(Method.java:498)
	at org.springframework.beans.factory.support.SimpleInstantiationStrategy.instantiate(SimpleInstantiationStrategy.java:154)
	... 55 common frames omitted
2018-12-16 00:11:42 INFO  [main] com.jay.kerrigan.Kerrigan.logStarting(): 50 - Starting Kerrigan on Jay-yang with PID 8900 (C:\Users\Administrator\git\Kerrigan\target\classes started by Administrator in C:\Users\Administrator\git\Kerrigan)
2018-12-16 00:11:42 DEBUG [main] com.jay.kerrigan.Kerrigan.logStarting(): 53 - Running with Spring Boot v2.1.1.RELEASE, Spring v5.1.3.RELEASE
2018-12-16 00:11:42 INFO  [main] com.jay.kerrigan.Kerrigan.logStartupProfileInfo(): 675 - No active profile set, falling back to default profiles: default
2018-12-16 00:11:44 INFO  [main] org.apache.coyote.http11.Http11NioProtocol.log(): 173 - Initializing ProtocolHandler ["http-nio-7000"]
2018-12-16 00:11:44 INFO  [main] org.apache.catalina.core.StandardService.log(): 173 - Starting service [Tomcat]
2018-12-16 00:11:44 INFO  [main] org.apache.catalina.core.StandardEngine.log(): 173 - Starting Servlet Engine: Apache Tomcat/9.0.13
2018-12-16 00:11:44 INFO  [main] org.apache.catalina.core.AprLifecycleListener.log(): 173 - The APR based Apache Tomcat Native library which allows optimal performance in production environments was not found on the java.library.path: [G:\DevelopSoft\jdk\jdk1.8.0_121\bin;C:\windows\Sun\Java\bin;C:\windows\system32;C:\windows;G:\DevelopSoft\jdk\jdk1.8.0_121\jre\bin;G:/DevelopSoft/jdk/jre1.8.0_121/bin/server;G:/DevelopSoft/jdk/jre1.8.0_121/bin;G:/DevelopSoft/jdk/jre1.8.0_121/lib/amd64;G:\DevelopSoft\Python\Scripts\;G:\DevelopSoft\Python\;C:\ProgramData\Oracle\Java\javapath;C:\windows\system32;C:\windows;C:\windows\System32\Wbem;C:\windows\System32\WindowsPowerShell\v1.0\;C:\Program Files (x86)\NVIDIA Corporation\PhysX\Common;G:\DevelopSoft\jdk\jdk1.8.0_121\bin;G:\DevelopSoft\Maven\apache-maven-3.3.9\bin;C:\Program Files (x86)\MySQL\MySQL Fabric 1.5.3 & MySQL Utilities 1.5.3 1.5\;C:\Program Files (x86)\MySQL\MySQL Fabric 1.5.3 & MySQL Utilities 1.5.3 1.5\Doctrine extensions for PHP\;G:\DevelopSoft\Python;G:\DevelopSoft\Scala\bin;G:\DevelopSoft\Sbt\bin;G:\DevelopSoft\hadoop-common-2.6.0\bin;C:\Users\Administrator\AppData\Local\Microsoft\WindowsApps;;G:\DevelopSoft\Eclipse;;.]
2018-12-16 00:11:44 INFO  [main] o.a.c.core.ContainerBase.[Tomcat].[localhost].[/].log(): 173 - Initializing Spring embedded WebApplicationContext
2018-12-16 00:11:44 DEBUG [main] org.apache.ibatis.logging.LogFactory.setImplementation(): 135 - Logging initialized using 'class org.apache.ibatis.logging.slf4j.Slf4jImpl' adapter.
2018-12-16 00:11:44 INFO  [main] org.apache.catalina.core.StandardService.log(): 173 - Stopping service [Tomcat]
2018-12-16 00:11:44 ERROR [main] org.springframework.boot.SpringApplication.reportFailure(): 858 - Application run failed
org.springframework.beans.factory.UnsatisfiedDependencyException: Error creating bean with name 'projectController': Unsatisfied dependency expressed through field 'projectService'; nested exception is org.springframework.beans.factory.UnsatisfiedDependencyException: Error creating bean with name 'projectServiceImpl': Unsatisfied dependency expressed through field 'projectMapper'; nested exception is org.springframework.beans.factory.UnsatisfiedDependencyException: Error creating bean with name 'projectMapper' defined in file [C:\Users\Administrator\git\Kerrigan\target\classes\com\jay\kerrigan\master\mapper\ProjectMapper.class]: Unsatisfied dependency expressed through bean property 'sqlSessionFactory'; nested exception is org.springframework.beans.factory.BeanCreationException: Error creating bean with name 'sqlSessionFactory' defined in class path resource [org/mybatis/spring/boot/autoconfigure/MybatisAutoConfiguration.class]: Bean instantiation via factory method failed; nested exception is org.springframework.beans.BeanInstantiationException: Failed to instantiate [org.apache.ibatis.session.SqlSessionFactory]: Factory method 'sqlSessionFactory' threw exception; nested exception is java.lang.IllegalStateException: Property 'configuration' and 'configLocation' can not specified with together
	at org.springframework.beans.factory.annotation.AutowiredAnnotationBeanPostProcessor$AutowiredFieldElement.inject(AutowiredAnnotationBeanPostProcessor.java:596)
	at org.springframework.beans.factory.annotation.InjectionMetadata.inject(InjectionMetadata.java:90)
	at org.springframework.beans.factory.annotation.AutowiredAnnotationBeanPostProcessor.postProcessProperties(AutowiredAnnotationBeanPostProcessor.java:374)
	at org.springframework.beans.factory.support.AbstractAutowireCapableBeanFactory.populateBean(AbstractAutowireCapableBeanFactory.java:1378)
	at org.springframework.beans.factory.support.AbstractAutowireCapableBeanFactory.doCreateBean(AbstractAutowireCapableBeanFactory.java:575)
	at org.springframework.beans.factory.support.AbstractAutowireCapableBeanFactory.createBean(AbstractAutowireCapableBeanFactory.java:498)
	at org.springframework.beans.factory.support.AbstractBeanFactory.lambda$doGetBean$0(AbstractBeanFactory.java:320)
	at org.springframework.beans.factory.support.DefaultSingletonBeanRegistry.getSingleton(DefaultSingletonBeanRegistry.java:222)
	at org.springframework.beans.factory.support.AbstractBeanFactory.doGetBean(AbstractBeanFactory.java:318)
	at org.springframework.beans.factory.support.AbstractBeanFactory.getBean(AbstractBeanFactory.java:199)
	at org.springframework.beans.factory.support.DefaultListableBeanFactory.preInstantiateSingletons(DefaultListableBeanFactory.java:846)
	at org.springframework.context.support.AbstractApplicationContext.finishBeanFactoryInitialization(AbstractApplicationContext.java:863)
	at org.springframework.context.support.AbstractApplicationContext.refresh(AbstractApplicationContext.java:546)
	at org.springframework.boot.web.servlet.context.ServletWebServerApplicationContext.refresh(ServletWebServerApplicationContext.java:142)
	at org.springframework.boot.SpringApplication.refresh(SpringApplication.java:775)
	at org.springframework.boot.SpringApplication.refreshContext(SpringApplication.java:397)
	at org.springframework.boot.SpringApplication.run(SpringApplication.java:316)
	at com.jay.kerrigan.Kerrigan.main(Kerrigan.java:29)
Caused by: org.springframework.beans.factory.UnsatisfiedDependencyException: Error creating bean with name 'projectServiceImpl': Unsatisfied dependency expressed through field 'projectMapper'; nested exception is org.springframework.beans.factory.UnsatisfiedDependencyException: Error creating bean with name 'projectMapper' defined in file [C:\Users\Administrator\git\Kerrigan\target\classes\com\jay\kerrigan\master\mapper\ProjectMapper.class]: Unsatisfied dependency expressed through bean property 'sqlSessionFactory'; nested exception is org.springframework.beans.factory.BeanCreationException: Error creating bean with name 'sqlSessionFactory' defined in class path resource [org/mybatis/spring/boot/autoconfigure/MybatisAutoConfiguration.class]: Bean instantiation via factory method failed; nested exception is org.springframework.beans.BeanInstantiationException: Failed to instantiate [org.apache.ibatis.session.SqlSessionFactory]: Factory method 'sqlSessionFactory' threw exception; nested exception is java.lang.IllegalStateException: Property 'configuration' and 'configLocation' can not specified with together
	at org.springframework.beans.factory.annotation.AutowiredAnnotationBeanPostProcessor$AutowiredFieldElement.inject(AutowiredAnnotationBeanPostProcessor.java:596)
	at org.springframework.beans.factory.annotation.InjectionMetadata.inject(InjectionMetadata.java:90)
	at org.springframework.beans.factory.annotation.AutowiredAnnotationBeanPostProcessor.postProcessProperties(AutowiredAnnotationBeanPostProcessor.java:374)
	at org.springframework.beans.factory.support.AbstractAutowireCapableBeanFactory.populateBean(AbstractAutowireCapableBeanFactory.java:1378)
	at org.springframework.beans.factory.support.AbstractAutowireCapableBeanFactory.doCreateBean(AbstractAutowireCapableBeanFactory.java:575)
	at org.springframework.beans.factory.support.AbstractAutowireCapableBeanFactory.createBean(AbstractAutowireCapableBeanFactory.java:498)
	at org.springframework.beans.factory.support.AbstractBeanFactory.lambda$doGetBean$0(AbstractBeanFactory.java:320)
	at org.springframework.beans.factory.support.DefaultSingletonBeanRegistry.getSingleton(DefaultSingletonBeanRegistry.java:222)
	at org.springframework.beans.factory.support.AbstractBeanFactory.doGetBean(AbstractBeanFactory.java:318)
	at org.springframework.beans.factory.support.AbstractBeanFactory.getBean(AbstractBeanFactory.java:199)
	at org.springframework.beans.factory.config.DependencyDescriptor.resolveCandidate(DependencyDescriptor.java:273)
	at org.springframework.beans.factory.support.DefaultListableBeanFactory.doResolveDependency(DefaultListableBeanFactory.java:1237)
	at org.springframework.beans.factory.support.DefaultListableBeanFactory.resolveDependency(DefaultListableBeanFactory.java:1164)
	at org.springframework.beans.factory.annotation.AutowiredAnnotationBeanPostProcessor$AutowiredFieldElement.inject(AutowiredAnnotationBeanPostProcessor.java:593)
	... 17 common frames omitted
Caused by: org.springframework.beans.factory.UnsatisfiedDependencyException: Error creating bean with name 'projectMapper' defined in file [C:\Users\Administrator\git\Kerrigan\target\classes\com\jay\kerrigan\master\mapper\ProjectMapper.class]: Unsatisfied dependency expressed through bean property 'sqlSessionFactory'; nested exception is org.springframework.beans.factory.BeanCreationException: Error creating bean with name 'sqlSessionFactory' defined in class path resource [org/mybatis/spring/boot/autoconfigure/MybatisAutoConfiguration.class]: Bean instantiation via factory method failed; nested exception is org.springframework.beans.BeanInstantiationException: Failed to instantiate [org.apache.ibatis.session.SqlSessionFactory]: Factory method 'sqlSessionFactory' threw exception; nested exception is java.lang.IllegalStateException: Property 'configuration' and 'configLocation' can not specified with together
	at org.springframework.beans.factory.support.AbstractAutowireCapableBeanFactory.autowireByType(AbstractAutowireCapableBeanFactory.java:1482)
	at org.springframework.beans.factory.support.AbstractAutowireCapableBeanFactory.populateBean(AbstractAutowireCapableBeanFactory.java:1362)
	at org.springframework.beans.factory.support.AbstractAutowireCapableBeanFactory.doCreateBean(AbstractAutowireCapableBeanFactory.java:575)
	at org.springframework.beans.factory.support.AbstractAutowireCapableBeanFactory.createBean(AbstractAutowireCapableBeanFactory.java:498)
	at org.springframework.beans.factory.support.AbstractBeanFactory.lambda$doGetBean$0(AbstractBeanFactory.java:320)
	at org.springframework.beans.factory.support.DefaultSingletonBeanRegistry.getSingleton(DefaultSingletonBeanRegistry.java:222)
	at org.springframework.beans.factory.support.AbstractBeanFactory.doGetBean(AbstractBeanFactory.java:318)
	at org.springframework.beans.factory.support.AbstractBeanFactory.getBean(AbstractBeanFactory.java:199)
	at org.springframework.beans.factory.config.DependencyDescriptor.resolveCandidate(DependencyDescriptor.java:273)
	at org.springframework.beans.factory.support.DefaultListableBeanFactory.doResolveDependency(DefaultListableBeanFactory.java:1237)
	at org.springframework.beans.factory.support.DefaultListableBeanFactory.resolveDependency(DefaultListableBeanFactory.java:1164)
	at org.springframework.beans.factory.annotation.AutowiredAnnotationBeanPostProcessor$AutowiredFieldElement.inject(AutowiredAnnotationBeanPostProcessor.java:593)
	... 30 common frames omitted
Caused by: org.springframework.beans.factory.BeanCreationException: Error creating bean with name 'sqlSessionFactory' defined in class path resource [org/mybatis/spring/boot/autoconfigure/MybatisAutoConfiguration.class]: Bean instantiation via factory method failed; nested exception is org.springframework.beans.BeanInstantiationException: Failed to instantiate [org.apache.ibatis.session.SqlSessionFactory]: Factory method 'sqlSessionFactory' threw exception; nested exception is java.lang.IllegalStateException: Property 'configuration' and 'configLocation' can not specified with together
	at org.springframework.beans.factory.support.ConstructorResolver.instantiate(ConstructorResolver.java:627)
	at org.springframework.beans.factory.support.ConstructorResolver.instantiateUsingFactoryMethod(ConstructorResolver.java:607)
	at org.springframework.beans.factory.support.AbstractAutowireCapableBeanFactory.instantiateUsingFactoryMethod(AbstractAutowireCapableBeanFactory.java:1288)
	at org.springframework.beans.factory.support.AbstractAutowireCapableBeanFactory.createBeanInstance(AbstractAutowireCapableBeanFactory.java:1127)
	at org.springframework.beans.factory.support.AbstractAutowireCapableBeanFactory.doCreateBean(AbstractAutowireCapableBeanFactory.java:538)
	at org.springframework.beans.factory.support.AbstractAutowireCapableBeanFactory.createBean(AbstractAutowireCapableBeanFactory.java:498)
	at org.springframework.beans.factory.support.AbstractBeanFactory.lambda$doGetBean$0(AbstractBeanFactory.java:320)
	at org.springframework.beans.factory.support.DefaultSingletonBeanRegistry.getSingleton(DefaultSingletonBeanRegistry.java:222)
	at org.springframework.beans.factory.support.AbstractBeanFactory.doGetBean(AbstractBeanFactory.java:318)
	at org.springframework.beans.factory.support.AbstractBeanFactory.getBean(AbstractBeanFactory.java:199)
	at org.springframework.beans.factory.config.DependencyDescriptor.resolveCandidate(DependencyDescriptor.java:273)
	at org.springframework.beans.factory.support.DefaultListableBeanFactory.doResolveDependency(DefaultListableBeanFactory.java:1237)
	at org.springframework.beans.factory.support.DefaultListableBeanFactory.resolveDependency(DefaultListableBeanFactory.java:1164)
	at org.springframework.beans.factory.support.AbstractAutowireCapableBeanFactory.autowireByType(AbstractAutowireCapableBeanFactory.java:1467)
	... 41 common frames omitted
Caused by: org.springframework.beans.BeanInstantiationException: Failed to instantiate [org.apache.ibatis.session.SqlSessionFactory]: Factory method 'sqlSessionFactory' threw exception; nested exception is java.lang.IllegalStateException: Property 'configuration' and 'configLocation' can not specified with together
	at org.springframework.beans.factory.support.SimpleInstantiationStrategy.instantiate(SimpleInstantiationStrategy.java:185)
	at org.springframework.beans.factory.support.ConstructorResolver.instantiate(ConstructorResolver.java:622)
	... 54 common frames omitted
Caused by: java.lang.IllegalStateException: Property 'configuration' and 'configLocation' can not specified with together
	at org.springframework.util.Assert.state(Assert.java:73)
	at org.mybatis.spring.SqlSessionFactoryBean.afterPropertiesSet(SqlSessionFactoryBean.java:377)
	at org.mybatis.spring.SqlSessionFactoryBean.getObject(SqlSessionFactoryBean.java:547)
	at org.mybatis.spring.boot.autoconfigure.MybatisAutoConfiguration.sqlSessionFactory(MybatisAutoConfiguration.java:153)
	at org.mybatis.spring.boot.autoconfigure.MybatisAutoConfiguration$$EnhancerBySpringCGLIB$$87b32883.CGLIB$sqlSessionFactory$0(<generated>)
	at org.mybatis.spring.boot.autoconfigure.MybatisAutoConfiguration$$EnhancerBySpringCGLIB$$87b32883$$FastClassBySpringCGLIB$$8fc4f13f.invoke(<generated>)
	at org.springframework.cglib.proxy.MethodProxy.invokeSuper(MethodProxy.java:244)
	at org.springframework.context.annotation.ConfigurationClassEnhancer$BeanMethodInterceptor.intercept(ConfigurationClassEnhancer.java:363)
	at org.mybatis.spring.boot.autoconfigure.MybatisAutoConfiguration$$EnhancerBySpringCGLIB$$87b32883.sqlSessionFactory(<generated>)
	at sun.reflect.NativeMethodAccessorImpl.invoke0(Native Method)
	at sun.reflect.NativeMethodAccessorImpl.invoke(NativeMethodAccessorImpl.java:62)
	at sun.reflect.DelegatingMethodAccessorImpl.invoke(DelegatingMethodAccessorImpl.java:43)
	at java.lang.reflect.Method.invoke(Method.java:498)
	at org.springframework.beans.factory.support.SimpleInstantiationStrategy.instantiate(SimpleInstantiationStrategy.java:154)
	... 55 common frames omitted
2018-12-16 00:14:55 INFO  [main] com.jay.kerrigan.Kerrigan.logStarting(): 50 - Starting Kerrigan on Jay-yang with PID 572 (C:\Users\Administrator\git\Kerrigan\target\classes started by Administrator in C:\Users\Administrator\git\Kerrigan)
2018-12-16 00:14:55 DEBUG [main] com.jay.kerrigan.Kerrigan.logStarting(): 53 - Running with Spring Boot v2.1.1.RELEASE, Spring v5.1.3.RELEASE
2018-12-16 00:14:55 INFO  [main] com.jay.kerrigan.Kerrigan.logStartupProfileInfo(): 675 - No active profile set, falling back to default profiles: default
2018-12-16 00:14:57 INFO  [main] org.apache.coyote.http11.Http11NioProtocol.log(): 173 - Initializing ProtocolHandler ["http-nio-7000"]
2018-12-16 00:14:57 INFO  [main] org.apache.catalina.core.StandardService.log(): 173 - Starting service [Tomcat]
2018-12-16 00:14:57 INFO  [main] org.apache.catalina.core.StandardEngine.log(): 173 - Starting Servlet Engine: Apache Tomcat/9.0.13
2018-12-16 00:14:57 INFO  [main] org.apache.catalina.core.AprLifecycleListener.log(): 173 - The APR based Apache Tomcat Native library which allows optimal performance in production environments was not found on the java.library.path: [G:\DevelopSoft\jdk\jdk1.8.0_121\bin;C:\windows\Sun\Java\bin;C:\windows\system32;C:\windows;G:\DevelopSoft\jdk\jdk1.8.0_121\jre\bin;G:/DevelopSoft/jdk/jre1.8.0_121/bin/server;G:/DevelopSoft/jdk/jre1.8.0_121/bin;G:/DevelopSoft/jdk/jre1.8.0_121/lib/amd64;G:\DevelopSoft\Python\Scripts\;G:\DevelopSoft\Python\;C:\ProgramData\Oracle\Java\javapath;C:\windows\system32;C:\windows;C:\windows\System32\Wbem;C:\windows\System32\WindowsPowerShell\v1.0\;C:\Program Files (x86)\NVIDIA Corporation\PhysX\Common;G:\DevelopSoft\jdk\jdk1.8.0_121\bin;G:\DevelopSoft\Maven\apache-maven-3.3.9\bin;C:\Program Files (x86)\MySQL\MySQL Fabric 1.5.3 & MySQL Utilities 1.5.3 1.5\;C:\Program Files (x86)\MySQL\MySQL Fabric 1.5.3 & MySQL Utilities 1.5.3 1.5\Doctrine extensions for PHP\;G:\DevelopSoft\Python;G:\DevelopSoft\Scala\bin;G:\DevelopSoft\Sbt\bin;G:\DevelopSoft\hadoop-common-2.6.0\bin;C:\Users\Administrator\AppData\Local\Microsoft\WindowsApps;;G:\DevelopSoft\Eclipse;;.]
2018-12-16 00:14:57 INFO  [main] o.a.c.core.ContainerBase.[Tomcat].[localhost].[/].log(): 173 - Initializing Spring embedded WebApplicationContext
2018-12-16 00:14:57 DEBUG [main] org.apache.ibatis.logging.LogFactory.setImplementation(): 135 - Logging initialized using 'class org.apache.ibatis.logging.slf4j.Slf4jImpl' adapter.
2018-12-16 00:14:57 DEBUG [main] org.apache.ibatis.io.VFS.createVFS(): 77 - Using VFS adapter org.mybatis.spring.boot.autoconfigure.SpringBootVFS
2018-12-16 00:14:57 DEBUG [main] org.apache.ibatis.io.ResolverUtil.addIfMatching(): 256 - Checking to see if class com.jay.kerrigan.common.entity.mapper.Flow matches criteria [is assignable to Object]
2018-12-16 00:14:57 DEBUG [main] org.apache.ibatis.io.ResolverUtil.addIfMatching(): 256 - Checking to see if class com.jay.kerrigan.common.entity.mapper.Project matches criteria [is assignable to Object]
2018-12-16 00:14:58 INFO  [main] org.apache.coyote.http11.Http11NioProtocol.log(): 173 - Starting ProtocolHandler ["http-nio-7000"]
2018-12-16 00:14:58 INFO  [main] org.apache.tomcat.util.net.NioSelectorPool.log(): 173 - Using a shared selector for servlet write/read
2018-12-16 00:14:58 INFO  [main] com.jay.kerrigan.Kerrigan.logStarted(): 59 - Started Kerrigan in 3.394 seconds (JVM running for 3.979)
2018-12-16 00:15:33 INFO  [http-nio-7000-exec-2] o.a.c.core.ContainerBase.[Tomcat].[localhost].[/].log(): 173 - Initializing Spring DispatcherServlet 'dispatcherServlet'
2018-12-16 00:15:34 ERROR [http-nio-7000-exec-2] com.zaxxer.hikari.pool.HikariPool.throwPoolInitializationException(): 574 - HikariPool-1 - Exception during pool initialization.
java.sql.SQLException: Access denied for user 'root'@'localhost' (using password: YES)
	at com.mysql.cj.jdbc.exceptions.SQLError.createSQLException(SQLError.java:129)
	at com.mysql.cj.jdbc.exceptions.SQLError.createSQLException(SQLError.java:97)
	at com.mysql.cj.jdbc.exceptions.SQLExceptionsMapping.translateException(SQLExceptionsMapping.java:122)
	at com.mysql.cj.jdbc.ConnectionImpl.createNewIO(ConnectionImpl.java:835)
	at com.mysql.cj.jdbc.ConnectionImpl.<init>(ConnectionImpl.java:455)
	at com.mysql.cj.jdbc.ConnectionImpl.getInstance(ConnectionImpl.java:240)
	at com.mysql.cj.jdbc.NonRegisteringDriver.connect(NonRegisteringDriver.java:207)
	at com.zaxxer.hikari.util.DriverDataSource.getConnection(DriverDataSource.java:136)
	at com.zaxxer.hikari.pool.PoolBase.newConnection(PoolBase.java:369)
	at com.zaxxer.hikari.pool.PoolBase.newPoolEntry(PoolBase.java:198)
	at com.zaxxer.hikari.pool.HikariPool.createPoolEntry(HikariPool.java:467)
	at com.zaxxer.hikari.pool.HikariPool.checkFailFast(HikariPool.java:541)
	at com.zaxxer.hikari.pool.HikariPool.<init>(HikariPool.java:115)
	at com.zaxxer.hikari.HikariDataSource.getConnection(HikariDataSource.java:112)
	at org.springframework.jdbc.datasource.DataSourceUtils.fetchConnection(DataSourceUtils.java:151)
	at org.springframework.jdbc.datasource.DataSourceUtils.doGetConnection(DataSourceUtils.java:115)
	at org.springframework.jdbc.datasource.DataSourceUtils.getConnection(DataSourceUtils.java:78)
	at org.mybatis.spring.transaction.SpringManagedTransaction.openConnection(SpringManagedTransaction.java:82)
	at org.mybatis.spring.transaction.SpringManagedTransaction.getConnection(SpringManagedTransaction.java:68)
	at org.apache.ibatis.executor.BaseExecutor.getConnection(BaseExecutor.java:338)
	at org.apache.ibatis.executor.SimpleExecutor.prepareStatement(SimpleExecutor.java:84)
	at org.apache.ibatis.executor.SimpleExecutor.doQuery(SimpleExecutor.java:62)
	at org.apache.ibatis.executor.BaseExecutor.queryFromDatabase(BaseExecutor.java:326)
	at org.apache.ibatis.executor.BaseExecutor.query(BaseExecutor.java:156)
	at org.apache.ibatis.executor.CachingExecutor.query(CachingExecutor.java:109)
	at org.apache.ibatis.executor.CachingExecutor.query(CachingExecutor.java:83)
	at org.apache.ibatis.session.defaults.DefaultSqlSession.selectList(DefaultSqlSession.java:148)
	at org.apache.ibatis.session.defaults.DefaultSqlSession.selectList(DefaultSqlSession.java:141)
	at sun.reflect.NativeMethodAccessorImpl.invoke0(Native Method)
	at sun.reflect.NativeMethodAccessorImpl.invoke(NativeMethodAccessorImpl.java:62)
	at sun.reflect.DelegatingMethodAccessorImpl.invoke(DelegatingMethodAccessorImpl.java:43)
	at java.lang.reflect.Method.invoke(Method.java:498)
	at org.mybatis.spring.SqlSessionTemplate$SqlSessionInterceptor.invoke(SqlSessionTemplate.java:433)
	at com.sun.proxy.$Proxy60.selectList(Unknown Source)
	at org.mybatis.spring.SqlSessionTemplate.selectList(SqlSessionTemplate.java:230)
	at org.apache.ibatis.binding.MapperMethod.executeForMany(MapperMethod.java:139)
	at org.apache.ibatis.binding.MapperMethod.execute(MapperMethod.java:76)
	at org.apache.ibatis.binding.MapperProxy.invoke(MapperProxy.java:59)
	at com.sun.proxy.$Proxy65.fetchAllProjects(Unknown Source)
	at com.jay.kerrigan.master.service.impl.ProjectServiceImpl.fetchAllProjects(ProjectServiceImpl.java:22)
	at com.jay.kerrigan.master.controller.ProjectController.fetchAllProjects(ProjectController.java:23)
	at sun.reflect.NativeMethodAccessorImpl.invoke0(Native Method)
	at sun.reflect.NativeMethodAccessorImpl.invoke(NativeMethodAccessorImpl.java:62)
	at sun.reflect.DelegatingMethodAccessorImpl.invoke(DelegatingMethodAccessorImpl.java:43)
	at java.lang.reflect.Method.invoke(Method.java:498)
	at org.springframework.web.method.support.InvocableHandlerMethod.doInvoke(InvocableHandlerMethod.java:189)
	at org.springframework.web.method.support.InvocableHandlerMethod.invokeForRequest(InvocableHandlerMethod.java:138)
	at org.springframework.web.servlet.mvc.method.annotation.ServletInvocableHandlerMethod.invokeAndHandle(ServletInvocableHandlerMethod.java:102)
	at org.springframework.web.servlet.mvc.method.annotation.RequestMappingHandlerAdapter.invokeHandlerMethod(RequestMappingHandlerAdapter.java:895)
	at org.springframework.web.servlet.mvc.method.annotation.RequestMappingHandlerAdapter.handleInternal(RequestMappingHandlerAdapter.java:800)
	at org.springframework.web.servlet.mvc.method.AbstractHandlerMethodAdapter.handle(AbstractHandlerMethodAdapter.java:87)
	at org.springframework.web.servlet.DispatcherServlet.doDispatch(DispatcherServlet.java:1038)
	at org.springframework.web.servlet.DispatcherServlet.doService(DispatcherServlet.java:942)
	at org.springframework.web.servlet.FrameworkServlet.processRequest(FrameworkServlet.java:1005)
	at org.springframework.web.servlet.FrameworkServlet.doGet(FrameworkServlet.java:897)
	at javax.servlet.http.HttpServlet.service(HttpServlet.java:634)
	at org.springframework.web.servlet.FrameworkServlet.service(FrameworkServlet.java:882)
	at javax.servlet.http.HttpServlet.service(HttpServlet.java:741)
	at org.apache.catalina.core.ApplicationFilterChain.internalDoFilter(ApplicationFilterChain.java:231)
	at org.apache.catalina.core.ApplicationFilterChain.doFilter(ApplicationFilterChain.java:166)
	at org.apache.tomcat.websocket.server.WsFilter.doFilter(WsFilter.java:53)
	at org.apache.catalina.core.ApplicationFilterChain.internalDoFilter(ApplicationFilterChain.java:193)
	at org.apache.catalina.core.ApplicationFilterChain.doFilter(ApplicationFilterChain.java:166)
	at org.springframework.web.filter.RequestContextFilter.doFilterInternal(RequestContextFilter.java:99)
	at org.springframework.web.filter.OncePerRequestFilter.doFilter(OncePerRequestFilter.java:107)
	at org.apache.catalina.core.ApplicationFilterChain.internalDoFilter(ApplicationFilterChain.java:193)
	at org.apache.catalina.core.ApplicationFilterChain.doFilter(ApplicationFilterChain.java:166)
	at org.springframework.web.filter.FormContentFilter.doFilterInternal(FormContentFilter.java:92)
	at org.springframework.web.filter.OncePerRequestFilter.doFilter(OncePerRequestFilter.java:107)
	at org.apache.catalina.core.ApplicationFilterChain.internalDoFilter(ApplicationFilterChain.java:193)
	at org.apache.catalina.core.ApplicationFilterChain.doFilter(ApplicationFilterChain.java:166)
	at org.springframework.web.filter.HiddenHttpMethodFilter.doFilterInternal(HiddenHttpMethodFilter.java:93)
	at org.springframework.web.filter.OncePerRequestFilter.doFilter(OncePerRequestFilter.java:107)
	at org.apache.catalina.core.ApplicationFilterChain.internalDoFilter(ApplicationFilterChain.java:193)
	at org.apache.catalina.core.ApplicationFilterChain.doFilter(ApplicationFilterChain.java:166)
	at org.springframework.web.filter.CharacterEncodingFilter.doFilterInternal(CharacterEncodingFilter.java:200)
	at org.springframework.web.filter.OncePerRequestFilter.doFilter(OncePerRequestFilter.java:107)
	at org.apache.catalina.core.ApplicationFilterChain.internalDoFilter(ApplicationFilterChain.java:193)
	at org.apache.catalina.core.ApplicationFilterChain.doFilter(ApplicationFilterChain.java:166)
	at org.apache.catalina.core.StandardWrapperValve.invoke(StandardWrapperValve.java:199)
	at org.apache.catalina.core.StandardContextValve.invoke(StandardContextValve.java:96)
	at org.apache.catalina.authenticator.AuthenticatorBase.invoke(AuthenticatorBase.java:490)
	at org.apache.catalina.core.StandardHostValve.invoke(StandardHostValve.java:139)
	at org.apache.catalina.valves.ErrorReportValve.invoke(ErrorReportValve.java:92)
	at org.apache.catalina.core.StandardEngineValve.invoke(StandardEngineValve.java:74)
	at org.apache.catalina.connector.CoyoteAdapter.service(CoyoteAdapter.java:343)
	at org.apache.coyote.http11.Http11Processor.service(Http11Processor.java:408)
	at org.apache.coyote.AbstractProcessorLight.process(AbstractProcessorLight.java:66)
	at org.apache.coyote.AbstractProtocol$ConnectionHandler.process(AbstractProtocol.java:791)
	at org.apache.tomcat.util.net.NioEndpoint$SocketProcessor.doRun(NioEndpoint.java:1417)
	at org.apache.tomcat.util.net.SocketProcessorBase.run(SocketProcessorBase.java:49)
	at java.util.concurrent.ThreadPoolExecutor.runWorker(ThreadPoolExecutor.java:1142)
	at java.util.concurrent.ThreadPoolExecutor$Worker.run(ThreadPoolExecutor.java:617)
	at org.apache.tomcat.util.threads.TaskThread$WrappingRunnable.run(TaskThread.java:61)
	at java.lang.Thread.run(Thread.java:745)
2018-12-16 00:16:03 INFO  [main] com.jay.kerrigan.Kerrigan.logStarting(): 50 - Starting Kerrigan on Jay-yang with PID 5784 (C:\Users\Administrator\git\Kerrigan\target\classes started by Administrator in C:\Users\Administrator\git\Kerrigan)
2018-12-16 00:16:03 DEBUG [main] com.jay.kerrigan.Kerrigan.logStarting(): 53 - Running with Spring Boot v2.1.1.RELEASE, Spring v5.1.3.RELEASE
2018-12-16 00:16:03 INFO  [main] com.jay.kerrigan.Kerrigan.logStartupProfileInfo(): 675 - No active profile set, falling back to default profiles: default
2018-12-16 00:16:05 INFO  [main] org.apache.coyote.http11.Http11NioProtocol.log(): 173 - Initializing ProtocolHandler ["http-nio-7000"]
2018-12-16 00:16:05 INFO  [main] org.apache.catalina.core.StandardService.log(): 173 - Starting service [Tomcat]
2018-12-16 00:16:05 INFO  [main] org.apache.catalina.core.StandardEngine.log(): 173 - Starting Servlet Engine: Apache Tomcat/9.0.13
2018-12-16 00:16:05 INFO  [main] org.apache.catalina.core.AprLifecycleListener.log(): 173 - The APR based Apache Tomcat Native library which allows optimal performance in production environments was not found on the java.library.path: [G:\DevelopSoft\jdk\jdk1.8.0_121\bin;C:\windows\Sun\Java\bin;C:\windows\system32;C:\windows;G:\DevelopSoft\jdk\jdk1.8.0_121\jre\bin;G:/DevelopSoft/jdk/jre1.8.0_121/bin/server;G:/DevelopSoft/jdk/jre1.8.0_121/bin;G:/DevelopSoft/jdk/jre1.8.0_121/lib/amd64;G:\DevelopSoft\Python\Scripts\;G:\DevelopSoft\Python\;C:\ProgramData\Oracle\Java\javapath;C:\windows\system32;C:\windows;C:\windows\System32\Wbem;C:\windows\System32\WindowsPowerShell\v1.0\;C:\Program Files (x86)\NVIDIA Corporation\PhysX\Common;G:\DevelopSoft\jdk\jdk1.8.0_121\bin;G:\DevelopSoft\Maven\apache-maven-3.3.9\bin;C:\Program Files (x86)\MySQL\MySQL Fabric 1.5.3 & MySQL Utilities 1.5.3 1.5\;C:\Program Files (x86)\MySQL\MySQL Fabric 1.5.3 & MySQL Utilities 1.5.3 1.5\Doctrine extensions for PHP\;G:\DevelopSoft\Python;G:\DevelopSoft\Scala\bin;G:\DevelopSoft\Sbt\bin;G:\DevelopSoft\hadoop-common-2.6.0\bin;C:\Users\Administrator\AppData\Local\Microsoft\WindowsApps;;G:\DevelopSoft\Eclipse;;.]
2018-12-16 00:16:05 INFO  [main] o.a.c.core.ContainerBase.[Tomcat].[localhost].[/].log(): 173 - Initializing Spring embedded WebApplicationContext
2018-12-16 00:16:05 DEBUG [main] org.apache.ibatis.logging.LogFactory.setImplementation(): 135 - Logging initialized using 'class org.apache.ibatis.logging.slf4j.Slf4jImpl' adapter.
2018-12-16 00:16:05 DEBUG [main] org.apache.ibatis.io.VFS.createVFS(): 77 - Using VFS adapter org.mybatis.spring.boot.autoconfigure.SpringBootVFS
2018-12-16 00:16:05 DEBUG [main] org.apache.ibatis.io.ResolverUtil.addIfMatching(): 256 - Checking to see if class com.jay.kerrigan.common.entity.mapper.Flow matches criteria [is assignable to Object]
2018-12-16 00:16:05 DEBUG [main] org.apache.ibatis.io.ResolverUtil.addIfMatching(): 256 - Checking to see if class com.jay.kerrigan.common.entity.mapper.Project matches criteria [is assignable to Object]
2018-12-16 00:16:06 INFO  [main] org.apache.coyote.http11.Http11NioProtocol.log(): 173 - Starting ProtocolHandler ["http-nio-7000"]
2018-12-16 00:16:06 INFO  [main] org.apache.tomcat.util.net.NioSelectorPool.log(): 173 - Using a shared selector for servlet write/read
2018-12-16 00:16:06 INFO  [main] com.jay.kerrigan.Kerrigan.logStarted(): 59 - Started Kerrigan in 2.831 seconds (JVM running for 3.451)
2018-12-16 00:16:07 INFO  [http-nio-7000-exec-1] o.a.c.core.ContainerBase.[Tomcat].[localhost].[/].log(): 173 - Initializing Spring DispatcherServlet 'dispatcherServlet'
2018-12-16 00:18:43 INFO  [main] com.jay.kerrigan.Kerrigan.logStarting(): 50 - Starting Kerrigan on Jay-yang with PID 15912 (C:\Users\Administrator\git\Kerrigan\target\classes started by Administrator in C:\Users\Administrator\git\Kerrigan)
2018-12-16 00:18:43 DEBUG [main] com.jay.kerrigan.Kerrigan.logStarting(): 53 - Running with Spring Boot v2.1.1.RELEASE, Spring v5.1.3.RELEASE
2018-12-16 00:18:43 INFO  [main] com.jay.kerrigan.Kerrigan.logStartupProfileInfo(): 675 - No active profile set, falling back to default profiles: default
2018-12-16 00:18:44 INFO  [main] org.apache.coyote.http11.Http11NioProtocol.log(): 173 - Initializing ProtocolHandler ["http-nio-7000"]
2018-12-16 00:18:44 INFO  [main] org.apache.catalina.core.StandardService.log(): 173 - Starting service [Tomcat]
2018-12-16 00:18:44 INFO  [main] org.apache.catalina.core.StandardEngine.log(): 173 - Starting Servlet Engine: Apache Tomcat/9.0.13
2018-12-16 00:18:44 INFO  [main] org.apache.catalina.core.AprLifecycleListener.log(): 173 - The APR based Apache Tomcat Native library which allows optimal performance in production environments was not found on the java.library.path: [G:\DevelopSoft\jdk\jdk1.8.0_121\bin;C:\windows\Sun\Java\bin;C:\windows\system32;C:\windows;G:\DevelopSoft\jdk\jdk1.8.0_121\jre\bin;G:/DevelopSoft/jdk/jre1.8.0_121/bin/server;G:/DevelopSoft/jdk/jre1.8.0_121/bin;G:/DevelopSoft/jdk/jre1.8.0_121/lib/amd64;G:\DevelopSoft\Python\Scripts\;G:\DevelopSoft\Python\;C:\ProgramData\Oracle\Java\javapath;C:\windows\system32;C:\windows;C:\windows\System32\Wbem;C:\windows\System32\WindowsPowerShell\v1.0\;C:\Program Files (x86)\NVIDIA Corporation\PhysX\Common;G:\DevelopSoft\jdk\jdk1.8.0_121\bin;G:\DevelopSoft\Maven\apache-maven-3.3.9\bin;C:\Program Files (x86)\MySQL\MySQL Fabric 1.5.3 & MySQL Utilities 1.5.3 1.5\;C:\Program Files (x86)\MySQL\MySQL Fabric 1.5.3 & MySQL Utilities 1.5.3 1.5\Doctrine extensions for PHP\;G:\DevelopSoft\Python;G:\DevelopSoft\Scala\bin;G:\DevelopSoft\Sbt\bin;G:\DevelopSoft\hadoop-common-2.6.0\bin;C:\Users\Administrator\AppData\Local\Microsoft\WindowsApps;;G:\DevelopSoft\Eclipse;;.]
2018-12-16 00:18:44 INFO  [main] o.a.c.core.ContainerBase.[Tomcat].[localhost].[/].log(): 173 - Initializing Spring embedded WebApplicationContext
2018-12-16 00:18:44 DEBUG [main] org.apache.ibatis.logging.LogFactory.setImplementation(): 135 - Logging initialized using 'class org.apache.ibatis.logging.slf4j.Slf4jImpl' adapter.
2018-12-16 00:18:45 DEBUG [main] org.apache.ibatis.io.VFS.createVFS(): 77 - Using VFS adapter org.mybatis.spring.boot.autoconfigure.SpringBootVFS
2018-12-16 00:18:45 DEBUG [main] org.apache.ibatis.io.ResolverUtil.addIfMatching(): 256 - Checking to see if class com.jay.kerrigan.common.entity.mapper.Flow matches criteria [is assignable to Object]
2018-12-16 00:18:45 DEBUG [main] org.apache.ibatis.io.ResolverUtil.addIfMatching(): 256 - Checking to see if class com.jay.kerrigan.common.entity.mapper.Project matches criteria [is assignable to Object]
2018-12-16 00:18:45 INFO  [main] org.apache.coyote.http11.Http11NioProtocol.log(): 173 - Starting ProtocolHandler ["http-nio-7000"]
2018-12-16 00:18:45 INFO  [main] org.apache.tomcat.util.net.NioSelectorPool.log(): 173 - Using a shared selector for servlet write/read
2018-12-16 00:18:45 INFO  [main] com.jay.kerrigan.Kerrigan.logStarted(): 59 - Started Kerrigan in 2.764 seconds (JVM running for 3.355)
2018-12-16 00:18:51 INFO  [http-nio-7000-exec-1] o.a.c.core.ContainerBase.[Tomcat].[localhost].[/].log(): 173 - Initializing Spring DispatcherServlet 'dispatcherServlet'
2018-12-16 00:19:38 INFO  [main] com.jay.kerrigan.Kerrigan.logStarting(): 50 - Starting Kerrigan on Jay-yang with PID 14084 (C:\Users\Administrator\git\Kerrigan\target\classes started by Administrator in C:\Users\Administrator\git\Kerrigan)
2018-12-16 00:19:38 DEBUG [main] com.jay.kerrigan.Kerrigan.logStarting(): 53 - Running with Spring Boot v2.1.1.RELEASE, Spring v5.1.3.RELEASE
2018-12-16 00:19:38 INFO  [main] com.jay.kerrigan.Kerrigan.logStartupProfileInfo(): 675 - No active profile set, falling back to default profiles: default
2018-12-16 00:19:39 INFO  [main] org.apache.coyote.http11.Http11NioProtocol.log(): 173 - Initializing ProtocolHandler ["http-nio-7000"]
2018-12-16 00:19:39 INFO  [main] org.apache.catalina.core.StandardService.log(): 173 - Starting service [Tomcat]
2018-12-16 00:19:39 INFO  [main] org.apache.catalina.core.StandardEngine.log(): 173 - Starting Servlet Engine: Apache Tomcat/9.0.13
2018-12-16 00:19:39 INFO  [main] org.apache.catalina.core.AprLifecycleListener.log(): 173 - The APR based Apache Tomcat Native library which allows optimal performance in production environments was not found on the java.library.path: [G:\DevelopSoft\jdk\jdk1.8.0_121\bin;C:\windows\Sun\Java\bin;C:\windows\system32;C:\windows;G:\DevelopSoft\jdk\jdk1.8.0_121\jre\bin;G:/DevelopSoft/jdk/jre1.8.0_121/bin/server;G:/DevelopSoft/jdk/jre1.8.0_121/bin;G:/DevelopSoft/jdk/jre1.8.0_121/lib/amd64;G:\DevelopSoft\Python\Scripts\;G:\DevelopSoft\Python\;C:\ProgramData\Oracle\Java\javapath;C:\windows\system32;C:\windows;C:\windows\System32\Wbem;C:\windows\System32\WindowsPowerShell\v1.0\;C:\Program Files (x86)\NVIDIA Corporation\PhysX\Common;G:\DevelopSoft\jdk\jdk1.8.0_121\bin;G:\DevelopSoft\Maven\apache-maven-3.3.9\bin;C:\Program Files (x86)\MySQL\MySQL Fabric 1.5.3 & MySQL Utilities 1.5.3 1.5\;C:\Program Files (x86)\MySQL\MySQL Fabric 1.5.3 & MySQL Utilities 1.5.3 1.5\Doctrine extensions for PHP\;G:\DevelopSoft\Python;G:\DevelopSoft\Scala\bin;G:\DevelopSoft\Sbt\bin;G:\DevelopSoft\hadoop-common-2.6.0\bin;C:\Users\Administrator\AppData\Local\Microsoft\WindowsApps;;G:\DevelopSoft\Eclipse;;.]
2018-12-16 00:19:39 INFO  [main] o.a.c.core.ContainerBase.[Tomcat].[localhost].[/].log(): 173 - Initializing Spring embedded WebApplicationContext
2018-12-16 00:19:39 DEBUG [main] org.apache.ibatis.logging.LogFactory.setImplementation(): 135 - Logging initialized using 'class org.apache.ibatis.logging.slf4j.Slf4jImpl' adapter.
2018-12-16 00:19:39 DEBUG [main] org.apache.ibatis.io.VFS.createVFS(): 77 - Using VFS adapter org.mybatis.spring.boot.autoconfigure.SpringBootVFS
2018-12-16 00:19:40 DEBUG [main] org.apache.ibatis.io.ResolverUtil.addIfMatching(): 256 - Checking to see if class com.jay.kerrigan.common.entity.mapper.Flow matches criteria [is assignable to Object]
2018-12-16 00:19:40 DEBUG [main] org.apache.ibatis.io.ResolverUtil.addIfMatching(): 256 - Checking to see if class com.jay.kerrigan.common.entity.mapper.Project matches criteria [is assignable to Object]
2018-12-16 00:19:40 INFO  [main] org.apache.coyote.http11.Http11NioProtocol.log(): 173 - Starting ProtocolHandler ["http-nio-7000"]
2018-12-16 00:19:40 INFO  [main] org.apache.tomcat.util.net.NioSelectorPool.log(): 173 - Using a shared selector for servlet write/read
2018-12-16 00:19:40 INFO  [main] com.jay.kerrigan.Kerrigan.logStarted(): 59 - Started Kerrigan in 2.779 seconds (JVM running for 3.369)
2018-12-16 00:19:45 INFO  [http-nio-7000-exec-1] o.a.c.core.ContainerBase.[Tomcat].[localhost].[/].log(): 173 - Initializing Spring DispatcherServlet 'dispatcherServlet'
